<?xml version="1.0" encoding="UTF-8"?>
<!-- Generated by org.testng.reporters.JUnitXMLReporter -->
<testsuite ignored="0" hostname="DESKTOP-GQ48NM6" failures="0" tests="4" name="Default test" time="8.737" errors="0" timestamp="2024-10-09T16:07:46 IST">
  <testcase classname="tests.Integration.TCIntegration_Retry" name="testcreateBooking" time="4.374"/>
  <testcase classname="tests.Integration.TCIntegration_Retry" name="testGetRequest" time="1.232"/>
  <testcase classname="tests.Integration.TCIntegration_Retry" name="testUpdateBooking" time="1.211"/>
  <testcase classname="tests.Integration.TCIntegration_Retry" name="testDeleteBooking" time="1.154"/>
</testsuite> <!-- Default test -->
